<?xml version="1.0" encoding="UTF-8"?>
<!-- Generated by org.testng.reporters.JUnitReportReporter -->
<testsuite hostname="DESKTOP-MM89ABI" failures="0" tests="2" name="testDemo1.Annotation" time="4.305" errors="0" timestamp="2025-08-14T16:38:15 IST" skipped="0">
  <testcase classname="testDemo1.Annotation" name="verifypage" time="1.688"/>
  <testcase classname="testDemo1.Annotation" name="LoginTest" time="2.617"/>
</testsuite> <!-- testDemo1.Annotation -->
