<?xml version="1.0" encoding="UTF-8"?>
<!-- Generated by org.testng.reporters.JUnitReportReporter -->
<testsuite hostname="DESKTOP-MM89ABI" failures="0" tests="2" name="testDemo1.DataProviderWithForLoop_NopCom" time="0.006" errors="0" timestamp="2025-08-18T16:28:42 IST" skipped="0">
  <testcase classname="testDemo1.DataProviderWithForLoop_NopCom" name="logiTest" time="0.000"/>
  <testcase classname="testDemo1.DataProviderWithForLoop_NopCom" name="logiTest" time="0.006"/>
</testsuite> <!-- testDemo1.DataProviderWithForLoop_NopCom -->
