<?xml version="1.0" encoding="UTF-8"?>
<!-- Generated by org.testng.reporters.JUnitReportReporter -->
<testsuite hostname="DESKTOP-MM89ABI" failures="0" tests="2" name="Aug_18_ExcelIntegration.TestLogin" time="14.828" errors="0" timestamp="2025-08-20T11:12:09 IST" skipped="0">
  <testcase classname="Aug_18_ExcelIntegration.TestLogin" name="login" time="6.195"/>
  <testcase classname="Aug_18_ExcelIntegration.TestLogin" name="login" time="8.633"/>
</testsuite> <!-- Aug_18_ExcelIntegration.TestLogin -->
