<?xml version="1.0" encoding="UTF-8"?>
<!-- Generated by org.testng.reporters.JUnitReportReporter -->
<testsuite hostname="DESKTOP-MM89ABI" failures="0" tests="2" name="Aug_15.Annotation" time="4.531" errors="0" timestamp="2025-08-19T16:25:12 IST" skipped="0">
  <testcase classname="Aug_15.Annotation" name="verifypage" time="1.755"/>
  <testcase classname="Aug_15.Annotation" name="LoginTest" time="2.776"/>
</testsuite> <!-- Aug_15.Annotation -->
