<?xml version="1.0" encoding="UTF-8"?>
<!-- Generated by org.testng.reporters.JUnitReportReporter -->
<testsuite hostname="DESKTOP-MM89ABI" failures="0" tests="2" name="testDemo1.DataProvider_NopCom" time="20.924" errors="0" timestamp="2025-08-18T16:08:35 IST" skipped="0">
  <testcase classname="testDemo1.DataProvider_NopCom" name="signUp" time="13.877"/>
  <testcase classname="testDemo1.DataProvider_NopCom" name="signUp" time="7.047"/>
</testsuite> <!-- testDemo1.DataProvider_NopCom -->
