<?xml version="1.0" encoding="UTF-8"?>
<!-- Generated by org.testng.reporters.JUnitReportReporter -->
<testsuite hostname="DESKTOP-MM89ABI" failures="0" tests="1" name="Aug_19.SynchronizationWithExceptionHandling" time="7.054" errors="0" timestamp="2025-08-19T12:19:19 IST" skipped="0">
  <testcase classname="Aug_19.SynchronizationWithExceptionHandling" name="signUp" time="7.054"/>
</testsuite> <!-- Aug_19.SynchronizationWithExceptionHandling -->
