<?xml version="1.0" encoding="UTF-8"?>
<!-- Generated by org.testng.reporters.JUnitReportReporter -->
<testsuite hostname="DESKTOP-MM89ABI" failures="0" tests="6" name="testDemo1.NopCommerceParallelTests" time="125.849" errors="0" timestamp="2025-08-18T00:10:25 IST" skipped="0">
  <testcase classname="testDemo1.NopCommerceParallelTests" name="loginToNopCommerce" time="11.425"/>
  <testcase classname="testDemo1.NopCommerceParallelTests" name="loginToNopCommerce" time="8.367"/>
  <testcase classname="testDemo1.NopCommerceParallelTests" name="loginToNopCommerce" time="15.873"/>
  <testcase classname="testDemo1.NopCommerceParallelTests" name="loginToNopCommerce" time="48.567"/>
  <testcase classname="testDemo1.NopCommerceParallelTests" name="loginToNopCommerce" time="9.823"/>
  <testcase classname="testDemo1.NopCommerceParallelTests" name="loginToNopCommerce" time="31.794"/>
</testsuite> <!-- testDemo1.NopCommerceParallelTests -->
