<?xml version="1.0" encoding="UTF-8"?>
<!-- Generated by org.testng.reporters.JUnitReportReporter -->
<testsuite hostname="DESKTOP-MM89ABI" failures="0" tests="2" name="com.testng.testDemo1.Application" time="6.604" errors="0" timestamp="2025-08-14T11:17:30 IST" skipped="0">
  <testcase classname="com.testng.testDemo1.Application" name="launchGoogle" time="1.620"/>
  <testcase classname="com.testng.testDemo1.Application" name="registerNewUser" time="4.984"/>
</testsuite> <!-- com.testng.testDemo1.Application -->
