<?xml version="1.0" encoding="UTF-8"?>
<!-- Generated by org.testng.reporters.JUnitReportReporter -->
<testsuite hostname="DESKTOP-MM89ABI" failures="0" tests="6" name="testDemo1.NopCommerceParallel" time="30.043" errors="0" timestamp="2025-08-18T08:39:01 IST" skipped="0">
  <testcase classname="testDemo1.NopCommerceParallel" name="signUpToNopCommerce" time="5.964"/>
  <testcase classname="testDemo1.NopCommerceParallel" name="signUpToNopCommerce" time="2.816"/>
  <testcase classname="testDemo1.NopCommerceParallel" name="signUpToNopCommerce" time="6.415"/>
  <testcase classname="testDemo1.NopCommerceParallel" name="loginToNopCommerce" time="4.653"/>
  <testcase classname="testDemo1.NopCommerceParallel" name="loginToNopCommerce" time="4.382"/>
  <testcase classname="testDemo1.NopCommerceParallel" name="loginToNopCommerce" time="5.813"/>
</testsuite> <!-- testDemo1.NopCommerceParallel -->
