<?xml version="1.0" encoding="UTF-8"?>
<!-- Generated by org.testng.reporters.JUnitReportReporter -->
<testsuite hostname="DESKTOP-MM89ABI" failures="0" tests="1" name="testDemo1.SynchronizationDemo" time="8.577" errors="0" timestamp="2025-08-19T12:12:14 IST" skipped="0">
  <testcase classname="testDemo1.SynchronizationDemo" name="signUp" time="8.577"/>
</testsuite> <!-- testDemo1.SynchronizationDemo -->
