<?xml version="1.0" encoding="UTF-8"?>
<!-- Generated by org.testng.reporters.JUnitReportReporter -->
<testsuite hostname="DESKTOP-MM89ABI" failures="0" tests="2" name="testDemo1.NopCommerce" time="39.806" errors="0" timestamp="2025-08-16T15:20:11 IST" skipped="0">
  <testcase classname="testDemo1.NopCommerce" name="loginToNopCommerce" time="25.044"/>
  <testcase classname="testDemo1.NopCommerce" name="signUpToNopCommerce" time="14.762"/>
</testsuite> <!-- testDemo1.NopCommerce -->
