<?xml version="1.0" encoding="UTF-8"?>
<!-- Generated by org.testng.reporters.JUnitReportReporter -->
<testsuite hostname="DESKTOP-MM89ABI" failures="0" tests="1" name="testDemo1.SynchronizationDemo" time="16.340" errors="0" timestamp="2025-08-18T18:54:20 IST" skipped="0">
  <testcase classname="testDemo1.SynchronizationDemo" name="signUp" time="16.340"/>
</testsuite> <!-- testDemo1.SynchronizationDemo -->
