<?xml version="1.0" encoding="UTF-8"?>
<!-- Generated by org.testng.reporters.JUnitReportReporter -->
<testsuite hostname="DESKTOP-MM89ABI" failures="0" tests="6" name="testDemo1.NopCommerceParallelExecution" time="122.220" errors="0" timestamp="2025-08-18T11:04:36 IST" skipped="0">
  <testcase classname="testDemo1.NopCommerceParallelExecution" name="signUpToNopCommerce" time="6.166"/>
  <testcase classname="testDemo1.NopCommerceParallelExecution" name="signUpToNopCommerce" time="4.337"/>
  <testcase classname="testDemo1.NopCommerceParallelExecution" name="signUpToNopCommerce" time="7.124"/>
  <testcase classname="testDemo1.NopCommerceParallelExecution" name="loginToNopCommerce" time="8.391"/>
  <testcase classname="testDemo1.NopCommerceParallelExecution" name="loginToNopCommerce" time="91.354"/>
  <testcase classname="testDemo1.NopCommerceParallelExecution" name="loginToNopCommerce" time="4.848"/>
</testsuite> <!-- testDemo1.NopCommerceParallelExecution -->
