<?xml version="1.0" encoding="UTF-8"?>
<!-- Generated by org.testng.reporters.JUnitReportReporter -->
<testsuite hostname="DESKTOP-MM89ABI" failures="0" tests="2" name="runner.TestRunner" time="11.926" errors="0" timestamp="2025-08-22T08:16:09 IST" skipped="0">
  <testcase classname="runner.TestRunner" name="runScenario" time="4.733"/>
  <testcase classname="runner.TestRunner" name="runScenario" time="7.193"/>
</testsuite> <!-- runner.TestRunner -->
